2025-08-09 09:50:25,580(HH:mm:ss.SSS) [main] INFO  testCases.TC003_LoginDDT {36} ****** Starting TC_003_LoginDDT ******
2025-08-09 09:50:31,400(HH:mm:ss.SSS) [main] INFO  testCases.TC003_LoginDDT {36} ****** Finished TC_003_LoginDDT ********
2025-08-09 09:50:31,410(HH:mm:ss.SSS) [main] INFO  testCases.TC003_LoginDDT {36} ****** Starting TC_003_LoginDDT ******
2025-08-09 09:50:46,482(HH:mm:ss.SSS) [main] INFO  testCases.TC003_LoginDDT {36} ****** Finished TC_003_LoginDDT ********
2025-08-11 08:14:36,098(HH:mm:ss.SSS) [main] DEBUG org.testng.TestNG {36} suiteXmlPath: "C:\Work Space\grouping.xml"
2025-08-11 08:14:36,354(HH:mm:ss.SSS) [main] INFO  org.testng.internal.Utils {36} [TestNG] Running:
  C:\Work Space\grouping.xml

2025-08-11 08:14:42,928(HH:mm:ss.SSS) [main] INFO  testCases.TC001_AccountRegistrationTest {36} ****** Starting TC001_AccountRegistrationTest *****
2025-08-11 08:14:43,029(HH:mm:ss.SSS) [main] INFO  testCases.TC001_AccountRegistrationTest {36} Clicked on MyAccount Link
2025-08-11 08:14:43,689(HH:mm:ss.SSS) [main] INFO  testCases.TC001_AccountRegistrationTest {36} Clicked on Register Link
2025-08-11 08:14:43,691(HH:mm:ss.SSS) [main] INFO  testCases.TC001_AccountRegistrationTest {36} providing customer details
2025-08-11 08:14:44,266(HH:mm:ss.SSS) [main] INFO  testCases.TC001_AccountRegistrationTest {36} Validating expected message.....
2025-08-11 08:14:45,431(HH:mm:ss.SSS) [main] INFO  testCases.TC001_AccountRegistrationTest {36} **** Finished TC001_AccountRegistrationTest *****
2025-08-11 08:14:48,883(HH:mm:ss.SSS) [main] INFO  testCases.TC002_LoginTest {36} ***** Starting TC002_LoginTest *******
2025-08-11 08:14:50,777(HH:mm:ss.SSS) [main] INFO  testCases.TC002_LoginTest {36} ***** Finished TC002_LoginTest ******
2025-08-11 08:16:53,770(HH:mm:ss.SSS) [main] DEBUG org.testng.TestNG {36} suiteXmlPath: "C:\Work Space\grouping.xml"
2025-08-11 08:16:53,970(HH:mm:ss.SSS) [main] INFO  org.testng.internal.Utils {36} [TestNG] Running:
  C:\Work Space\grouping.xml

2025-08-11 08:18:08,990(HH:mm:ss.SSS) [main] DEBUG org.testng.TestNG {36} suiteXmlPath: "C:\Work Space\grouping.xml"
2025-08-11 08:18:09,211(HH:mm:ss.SSS) [main] INFO  org.testng.internal.Utils {36} [TestNG] Running:
  C:\Work Space\grouping.xml

2025-08-11 08:18:31,831(HH:mm:ss.SSS) [main] DEBUG org.testng.TestNG {36} suiteXmlPath: "C:\Work Space\grouping.xml"
2025-08-11 08:18:32,131(HH:mm:ss.SSS) [main] INFO  org.testng.internal.Utils {36} [TestNG] Running:
  C:\Work Space\grouping.xml

2025-08-11 08:19:02,057(HH:mm:ss.SSS) [main] DEBUG org.testng.TestNG {36} suiteXmlPath: "C:\Work Space\grouping.xml"
2025-08-11 08:19:02,273(HH:mm:ss.SSS) [main] INFO  org.testng.internal.Utils {36} [TestNG] Running:
  C:\Work Space\grouping.xml

2025-08-11 08:19:06,663(HH:mm:ss.SSS) [main] INFO  testCases.TC002_LoginTest {36} ***** Starting TC002_LoginTest *******
2025-08-11 08:19:08,387(HH:mm:ss.SSS) [main] INFO  testCases.TC002_LoginTest {36} ***** Finished TC002_LoginTest ******
2025-08-11 16:25:06,237(HH:mm:ss.SSS) [main] DEBUG org.testng.TestNG {36} suiteXmlPath: "C:\Work Space\grouping.xml"
2025-08-11 16:25:06,762(HH:mm:ss.SSS) [main] INFO  org.testng.internal.Utils {36} [TestNG] Running:
  C:\Work Space\grouping.xml

2025-08-11 16:25:14,961(HH:mm:ss.SSS) [main] INFO  testCases.TC001_AccountRegistrationTest {36} ****** Starting TC001_AccountRegistrationTest *****
2025-08-11 16:25:15,112(HH:mm:ss.SSS) [main] INFO  testCases.TC001_AccountRegistrationTest {36} Clicked on MyAccount Link
2025-08-11 16:25:15,957(HH:mm:ss.SSS) [main] INFO  testCases.TC001_AccountRegistrationTest {36} Clicked on Register Link
2025-08-11 16:25:15,959(HH:mm:ss.SSS) [main] INFO  testCases.TC001_AccountRegistrationTest {36} providing customer details
2025-08-11 16:25:17,808(HH:mm:ss.SSS) [main] INFO  testCases.TC001_AccountRegistrationTest {36} Validating expected message.....
2025-08-11 16:25:17,856(HH:mm:ss.SSS) [main] INFO  testCases.TC001_AccountRegistrationTest {36} **** Finished TC001_AccountRegistrationTest *****
2025-08-11 16:25:21,115(HH:mm:ss.SSS) [main] INFO  testCases.TC002_LoginTest {36} ***** Starting TC002_LoginTest *******
2025-08-11 16:25:23,181(HH:mm:ss.SSS) [main] INFO  testCases.TC002_LoginTest {36} ***** Finished TC002_LoginTest ******
2025-08-11 16:28:52,386(HH:mm:ss.SSS) [main] DEBUG org.testng.TestNG {36} suiteXmlPath: "C:\Work Space\grouping.xml"
2025-08-11 16:28:52,618(HH:mm:ss.SSS) [main] INFO  org.testng.internal.Utils {36} [TestNG] Running:
  C:\Work Space\grouping.xml

2025-08-11 16:28:58,021(HH:mm:ss.SSS) [main] INFO  testCases.TC001_AccountRegistrationTest {36} ****** Starting TC001_AccountRegistrationTest *****
2025-08-11 16:28:58,205(HH:mm:ss.SSS) [main] INFO  testCases.TC001_AccountRegistrationTest {36} Clicked on MyAccount Link
2025-08-11 16:28:59,061(HH:mm:ss.SSS) [main] INFO  testCases.TC001_AccountRegistrationTest {36} Clicked on Register Link
2025-08-11 16:28:59,065(HH:mm:ss.SSS) [main] INFO  testCases.TC001_AccountRegistrationTest {36} providing customer details
