2025-08-06 19:47:22,425(HH:mm:ss.SSS) [main] DEBUG org.testng.TestNG {36} suiteXmlPath: "C:\Work Space\master.xml"
2025-08-06 19:47:22,695(HH:mm:ss.SSS) [main] INFO  org.testng.internal.Utils {36} [TestNG] Running:
  C:\Work Space\master.xml

2025-08-06 19:47:26,269(HH:mm:ss.SSS) [main] INFO  testCases.TC001_AccountRegistrationTest {36} ****** Starting TC001_AccountRegistrationTest *****
2025-08-06 19:47:26,376(HH:mm:ss.SSS) [main] INFO  testCases.TC001_AccountRegistrationTest {36} Clicked on MyAccount Link
2025-08-06 19:47:27,000(HH:mm:ss.SSS) [main] INFO  testCases.TC001_AccountRegistrationTest {36} Clicked on Register Link
2025-08-06 19:47:27,004(HH:mm:ss.SSS) [main] INFO  testCases.TC001_AccountRegistrationTest {36} providing customer details
2025-08-06 19:47:28,322(HH:mm:ss.SSS) [main] INFO  testCases.TC001_AccountRegistrationTest {36} Validating expected message.....
2025-08-06 19:47:28,382(HH:mm:ss.SSS) [main] INFO  testCases.TC001_AccountRegistrationTest {36} **** Finished TC001_AccountRegistrationTest *****
2025-08-06 19:48:01,423(HH:mm:ss.SSS) [main] DEBUG org.testng.TestNG {36} suiteXmlPath: "C:\Work Space\master.xml"
2025-08-06 19:48:01,629(HH:mm:ss.SSS) [main] INFO  org.testng.internal.Utils {36} [TestNG] Running:
  C:\Work Space\master.xml

2025-08-06 19:48:57,666(HH:mm:ss.SSS) [main] INFO  testCases.TC001_AccountRegistrationTest {36} ****** Starting TC001_AccountRegistrationTest *****
2025-08-06 19:48:57,802(HH:mm:ss.SSS) [main] INFO  testCases.TC001_AccountRegistrationTest {36} Clicked on MyAccount Link
2025-08-06 19:48:58,608(HH:mm:ss.SSS) [main] INFO  testCases.TC001_AccountRegistrationTest {36} Clicked on Register Link
2025-08-06 19:48:58,610(HH:mm:ss.SSS) [main] INFO  testCases.TC001_AccountRegistrationTest {36} providing customer details
2025-08-06 19:49:00,112(HH:mm:ss.SSS) [main] INFO  testCases.TC001_AccountRegistrationTest {36} Validating expected message.....
2025-08-06 19:49:00,154(HH:mm:ss.SSS) [main] INFO  testCases.TC001_AccountRegistrationTest {36} **** Finished TC001_AccountRegistrationTest *****
2025-08-07 10:11:51,857(HH:mm:ss.SSS) [main] DEBUG org.testng.TestNG {36} suiteXmlPath: "C:\Work Space\master.xml"
2025-08-07 10:11:52,084(HH:mm:ss.SSS) [main] INFO  org.testng.internal.Utils {36} [TestNG] Running:
  C:\Work Space\master.xml

2025-08-07 10:12:01,810(HH:mm:ss.SSS) [main] INFO  testCases.TC001_AccountRegistrationTest {36} ****** Starting TC001_AccountRegistrationTest *****
2025-08-07 10:12:01,984(HH:mm:ss.SSS) [main] INFO  testCases.TC001_AccountRegistrationTest {36} Clicked on MyAccount Link
2025-08-07 10:12:03,647(HH:mm:ss.SSS) [main] INFO  testCases.TC001_AccountRegistrationTest {36} Clicked on Register Link
2025-08-07 10:12:03,650(HH:mm:ss.SSS) [main] INFO  testCases.TC001_AccountRegistrationTest {36} providing customer details
2025-08-07 10:12:05,910(HH:mm:ss.SSS) [main] INFO  testCases.TC001_AccountRegistrationTest {36} Validating expected message.....
2025-08-07 10:12:05,975(HH:mm:ss.SSS) [main] INFO  testCases.TC001_AccountRegistrationTest {36} **** Finished TC001_AccountRegistrationTest *****
2025-08-08 08:06:06,964(HH:mm:ss.SSS) [main] DEBUG org.testng.TestNG {36} suiteXmlPath: "C:\Work Space\master.xml"
2025-08-08 08:06:07,221(HH:mm:ss.SSS) [main] INFO  org.testng.internal.Utils {36} [TestNG] Running:
  C:\Work Space\master.xml

2025-08-08 08:06:14,098(HH:mm:ss.SSS) [main] INFO  testCases.TC002_LoginTest {36} ***** Starting TC002_LoginTest *******
2025-08-08 08:06:15,808(HH:mm:ss.SSS) [main] INFO  testCases.TC002_LoginTest {36} ***** Finished TC002_LoginTest ******
2025-08-08 21:03:23,173(HH:mm:ss.SSS) [main] DEBUG org.testng.TestNG {36} suiteXmlPath: "C:\Work Space\master.xml"
2025-08-08 21:03:23,441(HH:mm:ss.SSS) [main] INFO  org.testng.internal.Utils {36} [TestNG] Running:
  C:\Work Space\master.xml

2025-08-08 21:03:32,934(HH:mm:ss.SSS) [main] DEBUG org.apache.poi.openxml4j.opc.PackageRelationshipCollection {36} Parsing relationship: /xl/_rels/workbook.xml.rels
2025-08-08 21:03:32,940(HH:mm:ss.SSS) [main] DEBUG org.apache.poi.openxml4j.opc.PackageRelationshipCollection {36} Parsing relationship: /xl/worksheets/_rels/sheet1.xml.rels
2025-08-08 21:03:32,942(HH:mm:ss.SSS) [main] DEBUG org.apache.poi.openxml4j.opc.PackageRelationshipCollection {36} Parsing relationship: /_rels/.rels
2025-08-08 21:03:33,441(HH:mm:ss.SSS) [main] DEBUG org.apache.poi.openxml4j.opc.PackageRelationshipCollection {36} Parsing relationship: /xl/_rels/workbook.xml.rels
2025-08-08 21:03:33,443(HH:mm:ss.SSS) [main] DEBUG org.apache.poi.openxml4j.opc.PackageRelationshipCollection {36} Parsing relationship: /xl/worksheets/_rels/sheet1.xml.rels
2025-08-08 21:03:33,445(HH:mm:ss.SSS) [main] DEBUG org.apache.poi.openxml4j.opc.PackageRelationshipCollection {36} Parsing relationship: /_rels/.rels
2025-08-08 21:04:24,476(HH:mm:ss.SSS) [main] DEBUG org.testng.TestNG {36} suiteXmlPath: "C:\Work Space\master.xml"
2025-08-08 21:04:24,675(HH:mm:ss.SSS) [main] INFO  org.testng.internal.Utils {36} [TestNG] Running:
  C:\Work Space\master.xml

