2025-08-14 08:51:35,946(HH:mm:ss.SSS) [main] INFO  testCases.TC001_AccountRegistrationTest {36} Clicked on MyAccount Link
2025-08-14 08:51:36,784(HH:mm:ss.SSS) [main] INFO  testCases.TC001_AccountRegistrationTest {36} Clicked on Register Link
2025-08-14 08:51:36,797(HH:mm:ss.SSS) [main] INFO  testCases.TC001_AccountRegistrationTest {36} providing customer details
2025-08-14 08:51:38,504(HH:mm:ss.SSS) [main] INFO  testCases.TC001_AccountRegistrationTest {36} Validating expected message.....
2025-08-14 08:51:38,550(HH:mm:ss.SSS) [main] INFO  testCases.TC001_AccountRegistrationTest {36} **** Finished TC001_AccountRegistrationTest *****
2025-08-14 08:51:42,242(HH:mm:ss.SSS) [main] INFO  testCases.TC002_LoginTest {36} ***** Starting TC002_LoginTest *******
2025-08-14 08:51:44,313(HH:mm:ss.SSS) [main] INFO  testCases.TC002_LoginTest {36} ***** Finished TC002_LoginTest ******
2025-08-14 09:06:44,547(HH:mm:ss.SSS) [main] DEBUG org.testng.TestNG {36} suiteXmlPath: "C:\Work Space\master.xml"
2025-08-14 09:06:44,760(HH:mm:ss.SSS) [main] INFO  org.testng.internal.Utils {36} [TestNG] Running:
  C:\Work Space\master.xml

2025-08-14 09:06:49,789(HH:mm:ss.SSS) [main] INFO  testCases.TC001_AccountRegistrationTest {36} ****** Starting TC001_AccountRegistrationTest *****
2025-08-14 09:06:49,905(HH:mm:ss.SSS) [main] INFO  testCases.TC001_AccountRegistrationTest {36} Clicked on MyAccount Link
2025-08-14 09:06:50,613(HH:mm:ss.SSS) [main] INFO  testCases.TC001_AccountRegistrationTest {36} Clicked on Register Link
2025-08-14 09:06:50,614(HH:mm:ss.SSS) [main] INFO  testCases.TC001_AccountRegistrationTest {36} providing customer details
2025-08-14 09:06:52,197(HH:mm:ss.SSS) [main] INFO  testCases.TC001_AccountRegistrationTest {36} Validating expected message.....
2025-08-14 09:06:52,242(HH:mm:ss.SSS) [main] INFO  testCases.TC001_AccountRegistrationTest {36} **** Finished TC001_AccountRegistrationTest *****
2025-08-14 09:06:55,557(HH:mm:ss.SSS) [main] INFO  testCases.TC002_LoginTest {36} ***** Starting TC002_LoginTest *******
2025-08-14 09:06:57,673(HH:mm:ss.SSS) [main] INFO  testCases.TC002_LoginTest {36} ***** Finished TC002_LoginTest ******
2025-08-14 09:09:08,281(HH:mm:ss.SSS) [main] DEBUG org.testng.TestNG {36} suiteXmlPath: "C:\Work Space\master.xml"
2025-08-14 09:09:21,179(HH:mm:ss.SSS) [main] INFO  testCases.TC001_AccountRegistrationTest {36} ****** Starting TC001_AccountRegistrationTest *****
2025-08-14 09:09:21,382(HH:mm:ss.SSS) [main] INFO  testCases.TC001_AccountRegistrationTest {36} Clicked on MyAccount Link
2025-08-14 09:09:24,436(HH:mm:ss.SSS) [main] INFO  testCases.TC001_AccountRegistrationTest {36} Clicked on Register Link
2025-08-14 09:09:24,462(HH:mm:ss.SSS) [main] INFO  testCases.TC001_AccountRegistrationTest {36} providing customer details
2025-08-14 09:09:25,255(HH:mm:ss.SSS) [main] INFO  testCases.TC001_AccountRegistrationTest {36} Validating expected message.....
2025-08-14 09:09:28,518(HH:mm:ss.SSS) [main] INFO  testCases.TC001_AccountRegistrationTest {36} **** Finished TC001_AccountRegistrationTest *****
2025-08-14 09:09:41,197(HH:mm:ss.SSS) [main] INFO  testCases.TC002_LoginTest {36} ***** Starting TC002_LoginTest *******
2025-08-14 09:09:49,430(HH:mm:ss.SSS) [main] INFO  testCases.TC002_LoginTest {36} ***** Finished TC002_LoginTest ******
2025-08-14 12:16:23,005(HH:mm:ss.SSS) [main] DEBUG org.testng.TestNG {36} suiteXmlPath: "C:\Work Space\master.xml"
2025-08-14 12:16:29,835(HH:mm:ss.SSS) [main] INFO  testCases.TC001_AccountRegistrationTest {36} ****** Starting TC001_AccountRegistrationTest *****
2025-08-14 12:16:29,967(HH:mm:ss.SSS) [main] INFO  testCases.TC001_AccountRegistrationTest {36} Clicked on MyAccount Link
2025-08-14 12:16:30,555(HH:mm:ss.SSS) [main] INFO  testCases.TC001_AccountRegistrationTest {36} Clicked on Register Link
2025-08-14 12:16:30,559(HH:mm:ss.SSS) [main] INFO  testCases.TC001_AccountRegistrationTest {36} providing customer details
2025-08-14 12:16:32,117(HH:mm:ss.SSS) [main] INFO  testCases.TC001_AccountRegistrationTest {36} Validating expected message.....
2025-08-14 12:16:32,155(HH:mm:ss.SSS) [main] INFO  testCases.TC001_AccountRegistrationTest {36} **** Finished TC001_AccountRegistrationTest *****
2025-08-14 12:16:35,325(HH:mm:ss.SSS) [main] INFO  testCases.TC002_LoginTest {36} ***** Starting TC002_LoginTest *******
2025-08-14 12:16:37,009(HH:mm:ss.SSS) [main] INFO  testCases.TC002_LoginTest {36} ***** Finished TC002_LoginTest ******
2025-08-14 13:45:43,281(HH:mm:ss.SSS) [main] DEBUG org.testng.TestNG {36} suiteXmlPath: "C:\Work Space\master.xml"
2025-08-14 13:45:53,749(HH:mm:ss.SSS) [main] INFO  testCases.TC001_AccountRegistrationTest {36} ****** Starting TC001_AccountRegistrationTest *****
2025-08-14 13:45:53,840(HH:mm:ss.SSS) [main] INFO  testCases.TC001_AccountRegistrationTest {36} Clicked on MyAccount Link
2025-08-14 13:45:54,724(HH:mm:ss.SSS) [main] INFO  testCases.TC001_AccountRegistrationTest {36} Clicked on Register Link
2025-08-14 13:45:54,732(HH:mm:ss.SSS) [main] INFO  testCases.TC001_AccountRegistrationTest {36} providing customer details
