2025-08-09 09:49:35,243(HH:mm:ss.SSS) [main] DEBUG org.apache.poi.openxml4j.opc.PackageRelationshipCollection {36} Parsing relationship: /_rels/.rels
2025-08-09 09:49:35,257(HH:mm:ss.SSS) [main] DEBUG org.apache.poi.openxml4j.opc.PackageRelationshipCollection {36} Parsing relationship: /xl/_rels/workbook.xml.rels
2025-08-09 09:49:35,258(HH:mm:ss.SSS) [main] DEBUG org.apache.poi.openxml4j.opc.PackageRelationshipCollection {36} Parsing relationship: /xl/worksheets/_rels/sheet1.xml.rels
2025-08-09 09:49:35,258(HH:mm:ss.SSS) [main] DEBUG org.apache.poi.openxml4j.opc.PackageRelationshipCollection {36} Parsing relationship: /_rels/.rels
2025-08-09 09:49:35,306(HH:mm:ss.SSS) [main] DEBUG org.apache.poi.openxml4j.opc.PackageRelationshipCollection {36} Parsing relationship: /xl/_rels/workbook.xml.rels
2025-08-09 09:49:35,306(HH:mm:ss.SSS) [main] DEBUG org.apache.poi.openxml4j.opc.PackageRelationshipCollection {36} Parsing relationship: /xl/worksheets/_rels/sheet1.xml.rels
2025-08-09 09:49:35,307(HH:mm:ss.SSS) [main] DEBUG org.apache.poi.openxml4j.opc.PackageRelationshipCollection {36} Parsing relationship: /_rels/.rels
2025-08-09 09:49:35,320(HH:mm:ss.SSS) [main] DEBUG org.apache.poi.openxml4j.opc.PackageRelationshipCollection {36} Parsing relationship: /xl/_rels/workbook.xml.rels
2025-08-09 09:49:35,320(HH:mm:ss.SSS) [main] DEBUG org.apache.poi.openxml4j.opc.PackageRelationshipCollection {36} Parsing relationship: /xl/worksheets/_rels/sheet1.xml.rels
2025-08-09 09:49:35,321(HH:mm:ss.SSS) [main] DEBUG org.apache.poi.openxml4j.opc.PackageRelationshipCollection {36} Parsing relationship: /_rels/.rels
2025-08-09 09:49:35,331(HH:mm:ss.SSS) [main] DEBUG org.apache.poi.openxml4j.opc.PackageRelationshipCollection {36} Parsing relationship: /xl/_rels/workbook.xml.rels
2025-08-09 09:49:35,332(HH:mm:ss.SSS) [main] DEBUG org.apache.poi.openxml4j.opc.PackageRelationshipCollection {36} Parsing relationship: /xl/worksheets/_rels/sheet1.xml.rels
2025-08-09 09:49:35,332(HH:mm:ss.SSS) [main] DEBUG org.apache.poi.openxml4j.opc.PackageRelationshipCollection {36} Parsing relationship: /_rels/.rels
2025-08-09 09:49:35,341(HH:mm:ss.SSS) [main] DEBUG org.apache.poi.openxml4j.opc.PackageRelationshipCollection {36} Parsing relationship: /xl/_rels/workbook.xml.rels
2025-08-09 09:49:35,342(HH:mm:ss.SSS) [main] DEBUG org.apache.poi.openxml4j.opc.PackageRelationshipCollection {36} Parsing relationship: /xl/worksheets/_rels/sheet1.xml.rels
2025-08-09 09:49:35,342(HH:mm:ss.SSS) [main] DEBUG org.apache.poi.openxml4j.opc.PackageRelationshipCollection {36} Parsing relationship: /_rels/.rels
2025-08-09 09:49:35,354(HH:mm:ss.SSS) [main] DEBUG org.apache.poi.openxml4j.opc.PackageRelationshipCollection {36} Parsing relationship: /xl/_rels/workbook.xml.rels
2025-08-09 09:49:35,354(HH:mm:ss.SSS) [main] DEBUG org.apache.poi.openxml4j.opc.PackageRelationshipCollection {36} Parsing relationship: /xl/worksheets/_rels/sheet1.xml.rels
2025-08-09 09:49:35,355(HH:mm:ss.SSS) [main] DEBUG org.apache.poi.openxml4j.opc.PackageRelationshipCollection {36} Parsing relationship: /_rels/.rels
2025-08-09 09:49:35,365(HH:mm:ss.SSS) [main] DEBUG org.apache.poi.openxml4j.opc.PackageRelationshipCollection {36} Parsing relationship: /xl/_rels/workbook.xml.rels
2025-08-09 09:49:35,365(HH:mm:ss.SSS) [main] DEBUG org.apache.poi.openxml4j.opc.PackageRelationshipCollection {36} Parsing relationship: /xl/worksheets/_rels/sheet1.xml.rels
2025-08-09 09:49:35,366(HH:mm:ss.SSS) [main] DEBUG org.apache.poi.openxml4j.opc.PackageRelationshipCollection {36} Parsing relationship: /_rels/.rels
2025-08-09 09:49:35,375(HH:mm:ss.SSS) [main] DEBUG org.apache.poi.openxml4j.opc.PackageRelationshipCollection {36} Parsing relationship: /xl/_rels/workbook.xml.rels
2025-08-09 09:49:35,376(HH:mm:ss.SSS) [main] DEBUG org.apache.poi.openxml4j.opc.PackageRelationshipCollection {36} Parsing relationship: /xl/worksheets/_rels/sheet1.xml.rels
2025-08-09 09:49:35,377(HH:mm:ss.SSS) [main] DEBUG org.apache.poi.openxml4j.opc.PackageRelationshipCollection {36} Parsing relationship: /_rels/.rels
2025-08-09 09:49:35,399(HH:mm:ss.SSS) [main] INFO  testCases.TC003_LoginDDT {36} ****** Starting TC_003_LoginDDT ******
2025-08-09 09:49:40,577(HH:mm:ss.SSS) [main] INFO  testCases.TC003_LoginDDT {36} ****** Finished TC_003_LoginDDT ********
2025-08-09 09:49:40,586(HH:mm:ss.SSS) [main] INFO  testCases.TC003_LoginDDT {36} ****** Starting TC_003_LoginDDT ******
2025-08-09 09:49:55,615(HH:mm:ss.SSS) [main] INFO  testCases.TC003_LoginDDT {36} ****** Finished TC_003_LoginDDT ********
2025-08-09 09:49:55,635(HH:mm:ss.SSS) [main] INFO  testCases.TC003_LoginDDT {36} ****** Starting TC_003_LoginDDT ******
2025-08-09 09:50:10,634(HH:mm:ss.SSS) [main] INFO  testCases.TC003_LoginDDT {36} ****** Finished TC_003_LoginDDT ********
2025-08-09 09:50:10,647(HH:mm:ss.SSS) [main] INFO  testCases.TC003_LoginDDT {36} ****** Starting TC_003_LoginDDT ******
2025-08-09 09:50:25,569(HH:mm:ss.SSS) [main] INFO  testCases.TC003_LoginDDT {36} ****** Finished TC_003_LoginDDT ********
